<?xml version="1.0" encoding="UTF-8"?>
<testng-results ignored="0" total="2" passed="2" failed="0" skipped="0">
  <reporter-output>
  </reporter-output>
  <suite started-at="2022-05-24T14:00:38 IST" name="Suite" finished-at="2022-05-24T14:01:24 IST" duration-ms="46148">
    <groups>
    </groups>
    <test started-at="2022-05-24T14:00:38 IST" name="Test" finished-at="2022-05-24T14:01:24 IST" duration-ms="46148">
      <class name="com.Checkedin.testcases.Tc_AddNewCustomer_004">
        <test-method is-config="true" signature="setup(java.lang.String)[pri:0, instance:com.Checkedin.testcases.Tc_AddNewCustomer_004@130161f7]" started-at="2022-05-24T14:00:38 IST" name="setup" finished-at="2022-05-24T14:00:42 IST" duration-ms="3542" status="PASS">
          <params>
            <param index="0">
              <value>
                <![CDATA[chrome]]>
              </value>
            </param>
          </params>
          <reporter-output>
          </reporter-output>
        </test-method> <!-- setup -->
        <test-method signature="Login()[pri:1, instance:com.Checkedin.testcases.Tc_AddNewCustomer_004@130161f7]" started-at="2022-05-24T14:00:42 IST" name="Login" finished-at="2022-05-24T14:01:22 IST" duration-ms="40334" status="PASS">
          <reporter-output>
          </reporter-output>
        </test-method> <!-- Login -->
        <test-method signature="AddNewCustomer(java.lang.String,java.lang.String,java.lang.String,java.lang.String,java.lang.String,java.lang.String,java.lang.String)[pri:2, instance:com.Checkedin.testcases.Tc_AddNewCustomer_004@130161f7]" started-at="2022-05-24T14:01:23 IST" name="AddNewCustomer" data-provider="NewUser" finished-at="2022-05-24T14:01:24 IST" duration-ms="845" status="PASS">
          <params>
            <param index="0">
              <value>
                <![CDATA[Ramachandra]]>
              </value>
            </param>
            <param index="1">
              <value>
                <![CDATA[ramachandra.gaddam@criticalriver.com]]>
              </value>
            </param>
            <param index="2">
              <value>
                <![CDATA[pass@1234]]>
              </value>
            </param>
            <param index="3">
              <value>
                <![CDATA[pass@1234]]>
              </value>
            </param>
            <param index="4">
              <value>
                <![CDATA[Ramachandra]]>
              </value>
            </param>
            <param index="5">
              <value>
                <![CDATA[Gaddam]]>
              </value>
            </param>
            <param index="6">
              <value>
                <![CDATA[9999999999]]>
              </value>
            </param>
          </params>
          <reporter-output>
          </reporter-output>
        </test-method> <!-- AddNewCustomer -->
        <test-method is-config="true" signature="teardown()[pri:0, instance:com.Checkedin.testcases.Tc_AddNewCustomer_004@130161f7]" started-at="2022-05-24T14:01:24 IST" name="teardown" finished-at="2022-05-24T14:01:24 IST" duration-ms="85" status="PASS">
          <reporter-output>
          </reporter-output>
        </test-method> <!-- teardown -->
        <test-method is-config="true" signature="Emailreport()[pri:0, instance:com.Checkedin.testcases.Tc_AddNewCustomer_004@130161f7]" started-at="2022-05-24T14:01:25 IST" name="Emailreport" finished-at="2022-05-24T14:01:28 IST" duration-ms="3160" status="FAIL">
          <exception class="java.lang.RuntimeException">
            <message>
              <![CDATA[javax.mail.MessagingException: IOException while sending message;
  nested exception is:
java.io.FileNotFoundException: C:\Users\Ramachandra Rao\eclipse-workspace\CheckedinCareNewCode\Checkedincare\Extent Report\Test-Report*.html (The filename, directory name, or volume label syntax is incorrect)]]>
            </message>
            <full-stacktrace>
              <![CDATA[java.lang.RuntimeException: javax.mail.MessagingException: IOException while sending message;
  nested exception is:
java.io.FileNotFoundException: C:\Users\Ramachandra Rao\eclipse-workspace\CheckedinCareNewCode\Checkedincare\Extent Report\Test-Report*.html (The filename, directory name, or volume label syntax is incorrect)
at com.Checkedin.testcases.SendingextentReport.SendEmail(SendingextentReport.java:115)
at com.Checkedin.testcases.BaseClass.Emailreport(BaseClass.java:83)
at java.base/jdk.internal.reflect.DirectMethodHandleAccessor.invoke(DirectMethodHandleAccessor.java:104)
at java.base/java.lang.reflect.Method.invoke(Method.java:577)
at org.testng.internal.invokers.MethodInvocationHelper.invokeMethod(MethodInvocationHelper.java:135)
at org.testng.internal.invokers.MethodInvocationHelper.invokeMethodConsideringTimeout(MethodInvocationHelper.java:65)
at org.testng.internal.invokers.ConfigInvoker.invokeConfigurationMethod(ConfigInvoker.java:381)
at org.testng.internal.invokers.ConfigInvoker.invokeConfigurations(ConfigInvoker.java:319)
at org.testng.SuiteRunner.privateRun(SuiteRunner.java:396)
at org.testng.SuiteRunner.run(SuiteRunner.java:326)
at org.testng.SuiteRunnerWorker.runSuite(SuiteRunnerWorker.java:52)
at org.testng.SuiteRunnerWorker.run(SuiteRunnerWorker.java:95)
at org.testng.TestNG.runSuitesSequentially(TestNG.java:1249)
at org.testng.TestNG.runSuitesLocally(TestNG.java:1169)
at org.testng.TestNG.runSuites(TestNG.java:1092)
at org.testng.TestNG.run(TestNG.java:1060)
at org.apache.maven.surefire.testng.TestNGExecutor.run(TestNGExecutor.java:284)
at org.apache.maven.surefire.testng.TestNGXmlTestSuite.execute(TestNGXmlTestSuite.java:75)
at org.apache.maven.surefire.testng.TestNGProvider.invoke(TestNGProvider.java:119)
at org.apache.maven.surefire.booter.ForkedBooter.runSuitesInProcess(ForkedBooter.java:428)
at org.apache.maven.surefire.booter.ForkedBooter.execute(ForkedBooter.java:162)
at org.apache.maven.surefire.booter.ForkedBooter.run(ForkedBooter.java:562)
at org.apache.maven.surefire.booter.ForkedBooter.main(ForkedBooter.java:548)
Caused by: javax.mail.MessagingException: IOException while sending message;
  nested exception is:
java.io.FileNotFoundException: C:\Users\Ramachandra Rao\eclipse-workspace\CheckedinCareNewCode\Checkedincare\Extent Report\Test-Report*.html (The filename, directory name, or volume label syntax is incorrect)
at com.sun.mail.smtp.SMTPTransport.sendMessage(SMTPTransport.java:1308)
at javax.mail.Transport.send0(Transport.java:255)
at javax.mail.Transport.send(Transport.java:124)
at com.Checkedin.testcases.SendingextentReport.SendEmail(SendingextentReport.java:109)
... 22 more
Caused by: java.io.FileNotFoundException: C:\Users\Ramachandra Rao\eclipse-workspace\CheckedinCareNewCode\Checkedincare\Extent Report\Test-Report*.html (The filename, directory name, or volume label syntax is incorrect)
at java.base/java.io.FileInputStream.open0(Native Method)
at java.base/java.io.FileInputStream.open(FileInputStream.java:216)
at java.base/java.io.FileInputStream.<init>(FileInputStream.java:157)
at javax.activation.FileDataSource.getInputStream(FileDataSource.java:97)
at javax.activation.DataHandler.writeTo(DataHandler.java:304)
at javax.mail.internet.MimeBodyPart.writeTo(MimeBodyPart.java:1652)
at javax.mail.internet.MimeBodyPart.writeTo(MimeBodyPart.java:961)
at javax.mail.internet.MimeMultipart.writeTo(MimeMultipart.java:553)
at com.sun.mail.handlers.multipart_mixed.writeTo(multipart_mixed.java:81)
at javax.activation.ObjectDataContentHandler.writeTo(DataHandler.java:883)
at javax.activation.DataHandler.writeTo(DataHandler.java:316)
at javax.mail.internet.MimeBodyPart.writeTo(MimeBodyPart.java:1652)
at javax.mail.internet.MimeMessage.writeTo(MimeMessage.java:1850)
at com.sun.mail.smtp.SMTPTransport.sendMessage(SMTPTransport.java:1259)
... 25 more
]]>
            </full-stacktrace>
          </exception> <!-- java.lang.RuntimeException -->
          <reporter-output>
          </reporter-output>
        </test-method> <!-- Emailreport -->
      </class> <!-- com.Checkedin.testcases.Tc_AddNewCustomer_004 -->
    </test> <!-- Test -->
  </suite> <!-- Suite -->
</testng-results>
